2025-10-31 15:00:18,991 - main - INFO - 日志文件位置: D:\Code_development\软件工程\backend\logs\security_monitor.log
2025-10-31 15:00:18,993 - main - INFO - 检测到操作系统: Windows
2025-10-31 15:00:19,285 - wireshark_monitor - INFO - tshark可用
2025-10-31 15:00:19,285 - main - INFO - Wireshark可用，将使用真实流量数据
2025-10-31 15:00:19,557 - wireshark_monitor - INFO - tshark可用
2025-10-31 15:00:19,558 - wireshark_monitor - INFO - 开始捕获接口 WLAN 的流量
2025-10-31 15:00:19,559 - main - INFO - 已开始WLAN接口流量捕获
2025-10-31 15:00:19,559 - main - INFO - 使用Windows监控器，禁用模拟数据模式
2025-10-31 15:00:19,574 - main - INFO - 校园网络安全态势可视化平台启动中...
2025-10-31 15:00:19,579 - main - INFO - 数据库初始化成功
2025-10-31 15:00:19,596 - main - INFO - 默认用户创建完成
2025-10-31 15:00:19,596 - data_collector - INFO - 数据采集已启动，采集间隔: 5秒
2025-10-31 15:00:19,597 - main - INFO - 数据采集模块已启动
2025-10-31 15:00:19,597 - main - INFO - 系统已就绪，开始监控网络流量
2025-10-31 15:00:19,897 - wireshark_monitor - INFO - tshark可用
2025-10-31 15:00:25,231 - wireshark_monitor - INFO - tshark可用
2025-10-31 15:00:30,459 - wireshark_monitor - INFO - tshark可用
2025-10-31 15:00:35,735 - wireshark_monitor - INFO - tshark可用
2025-10-31 15:00:40,981 - wireshark_monitor - INFO - tshark可用
2025-10-31 15:00:46,243 - wireshark_monitor - INFO - tshark可用
2025-10-31 15:00:51,607 - wireshark_monitor - INFO - tshark可用
2025-10-31 15:00:56,933 - wireshark_monitor - INFO - tshark可用
2025-10-31 15:01:02,212 - wireshark_monitor - INFO - tshark可用
2025-10-31 15:01:07,497 - wireshark_monitor - INFO - tshark可用
2025-10-31 15:01:12,814 - wireshark_monitor - INFO - tshark可用
2025-10-31 15:01:18,057 - wireshark_monitor - INFO - tshark可用
2025-10-31 15:01:27,621 - main - INFO - 日志文件位置: D:\Code_development\软件工程\backend\logs\security_monitor.log
2025-10-31 15:01:27,623 - main - INFO - 检测到操作系统: Windows
2025-10-31 15:01:27,812 - wireshark_monitor - INFO - tshark可用
2025-10-31 15:01:27,813 - main - INFO - Wireshark可用，将使用真实流量数据
2025-10-31 15:01:28,005 - wireshark_monitor - INFO - tshark可用
2025-10-31 15:01:28,006 - wireshark_monitor - INFO - 开始捕获接口 WLAN 的流量
2025-10-31 15:01:28,006 - main - INFO - 已开始WLAN接口流量捕获
2025-10-31 15:01:28,006 - main - INFO - 使用Windows监控器，禁用模拟数据模式
2025-10-31 15:01:28,016 - main - INFO - 校园网络安全态势可视化平台启动中...
2025-10-31 15:01:28,018 - main - INFO - 数据库初始化成功
2025-10-31 15:01:28,025 - main - INFO - 默认用户创建完成
2025-10-31 15:01:28,026 - data_collector - INFO - 数据采集已启动，采集间隔: 5秒
2025-10-31 15:01:28,033 - main - INFO - 数据采集模块已启动
2025-10-31 15:01:28,034 - main - INFO - 系统已就绪，开始监控网络流量
2025-10-31 15:01:28,235 - wireshark_monitor - INFO - tshark可用
2025-10-31 15:01:33,403 - wireshark_monitor - INFO - tshark可用
2025-10-31 15:01:38,622 - wireshark_monitor - INFO - tshark可用
2025-10-31 15:01:43,811 - wireshark_monitor - INFO - tshark可用
2025-10-31 15:01:49,038 - wireshark_monitor - INFO - tshark可用
2025-10-31 15:01:54,214 - wireshark_monitor - INFO - tshark可用
2025-10-31 15:01:59,400 - wireshark_monitor - INFO - tshark可用
2025-10-31 15:02:04,578 - wireshark_monitor - INFO - tshark可用
2025-10-31 15:02:09,757 - wireshark_monitor - INFO - tshark可用
2025-10-31 15:02:14,938 - wireshark_monitor - INFO - tshark可用
2025-10-31 15:02:19,671 - main - WARNING - 检测到流量异常: 1 个
2025-10-31 15:02:20,123 - wireshark_monitor - INFO - tshark可用
2025-10-31 15:02:25,318 - wireshark_monitor - INFO - tshark可用
2025-10-31 15:02:30,509 - wireshark_monitor - INFO - tshark可用
2025-10-31 15:02:35,713 - wireshark_monitor - INFO - tshark可用
2025-10-31 15:02:38,663 - main - WARNING - 检测到流量异常: 1 个
2025-10-31 15:02:40,989 - wireshark_monitor - INFO - tshark可用
2025-10-31 15:02:46,189 - wireshark_monitor - INFO - tshark可用
2025-10-31 15:02:48,662 - main - WARNING - 检测到流量异常: 1 个
2025-10-31 15:02:51,497 - wireshark_monitor - INFO - tshark可用
2025-10-31 15:02:56,773 - wireshark_monitor - INFO - tshark可用
2025-10-31 15:03:02,023 - wireshark_monitor - INFO - tshark可用
2025-10-31 15:03:07,327 - wireshark_monitor - INFO - tshark可用
2025-10-31 15:03:12,519 - wireshark_monitor - INFO - tshark可用
2025-10-31 15:03:17,714 - wireshark_monitor - INFO - tshark可用
2025-10-31 15:03:22,918 - wireshark_monitor - INFO - tshark可用
2025-10-31 15:03:28,103 - wireshark_monitor - INFO - tshark可用
2025-10-31 15:03:33,341 - wireshark_monitor - INFO - tshark可用
2025-10-31 15:03:38,525 - wireshark_monitor - INFO - tshark可用
2025-10-31 15:03:43,719 - wireshark_monitor - INFO - tshark可用
2025-10-31 15:03:48,913 - wireshark_monitor - INFO - tshark可用
2025-10-31 15:03:54,132 - wireshark_monitor - INFO - tshark可用
2025-10-31 15:03:59,363 - wireshark_monitor - INFO - tshark可用
2025-10-31 15:04:03,661 - main - WARNING - 检测到流量异常: 1 个
2025-10-31 15:04:04,557 - wireshark_monitor - INFO - tshark可用
2025-10-31 15:04:09,746 - wireshark_monitor - INFO - tshark可用
2025-10-31 15:04:14,944 - wireshark_monitor - INFO - tshark可用
2025-10-31 15:04:20,138 - wireshark_monitor - INFO - tshark可用
2025-10-31 15:04:25,353 - wireshark_monitor - INFO - tshark可用
2025-10-31 15:04:30,585 - wireshark_monitor - INFO - tshark可用
2025-10-31 15:04:35,815 - wireshark_monitor - INFO - tshark可用
2025-10-31 15:04:41,118 - wireshark_monitor - INFO - tshark可用
2025-10-31 15:04:46,354 - wireshark_monitor - INFO - tshark可用
2025-10-31 15:04:51,603 - wireshark_monitor - INFO - tshark可用
2025-10-31 15:04:56,810 - wireshark_monitor - INFO - tshark可用
2025-10-31 15:05:02,064 - wireshark_monitor - INFO - tshark可用
2025-10-31 15:05:07,309 - wireshark_monitor - INFO - tshark可用
2025-10-31 15:05:12,524 - wireshark_monitor - INFO - tshark可用
2025-10-31 15:05:17,791 - wireshark_monitor - INFO - tshark可用
2025-10-31 15:05:22,992 - wireshark_monitor - INFO - tshark可用
2025-10-31 15:05:28,188 - wireshark_monitor - INFO - tshark可用
2025-10-31 15:05:33,407 - wireshark_monitor - INFO - tshark可用
2025-10-31 15:05:38,594 - wireshark_monitor - INFO - tshark可用
2025-10-31 15:05:43,858 - wireshark_monitor - INFO - tshark可用
2025-10-31 15:05:49,031 - wireshark_monitor - INFO - tshark可用
2025-10-31 15:05:54,252 - wireshark_monitor - INFO - tshark可用
2025-10-31 15:05:59,450 - wireshark_monitor - INFO - tshark可用
2025-10-31 15:06:04,642 - wireshark_monitor - INFO - tshark可用
2025-10-31 15:06:09,838 - wireshark_monitor - INFO - tshark可用
2025-10-31 15:06:15,143 - wireshark_monitor - INFO - tshark可用
2025-10-31 15:06:20,477 - wireshark_monitor - INFO - tshark可用
2025-10-31 15:06:25,732 - wireshark_monitor - INFO - tshark可用
2025-10-31 15:06:30,989 - wireshark_monitor - INFO - tshark可用
2025-10-31 15:06:36,253 - wireshark_monitor - INFO - tshark可用
2025-10-31 15:06:41,424 - wireshark_monitor - INFO - tshark可用
2025-10-31 15:06:46,654 - wireshark_monitor - INFO - tshark可用
2025-10-31 15:06:51,830 - wireshark_monitor - INFO - tshark可用
2025-10-31 15:06:56,997 - wireshark_monitor - INFO - tshark可用
2025-10-31 15:07:02,284 - wireshark_monitor - INFO - tshark可用
2025-10-31 15:07:07,490 - wireshark_monitor - INFO - tshark可用
2025-10-31 15:07:12,714 - wireshark_monitor - INFO - tshark可用
2025-10-31 15:07:17,968 - wireshark_monitor - INFO - tshark可用
2025-10-31 15:07:23,177 - wireshark_monitor - INFO - tshark可用
2025-10-31 15:07:28,398 - wireshark_monitor - INFO - tshark可用
2025-10-31 15:07:33,645 - wireshark_monitor - INFO - tshark可用
2025-10-31 15:07:38,956 - wireshark_monitor - INFO - tshark可用
2025-10-31 15:07:44,160 - wireshark_monitor - INFO - tshark可用
2025-10-31 15:07:49,377 - wireshark_monitor - INFO - tshark可用
2025-10-31 15:07:54,654 - wireshark_monitor - INFO - tshark可用
2025-10-31 15:07:59,867 - wireshark_monitor - INFO - tshark可用
2025-10-31 15:08:05,060 - wireshark_monitor - INFO - tshark可用
2025-10-31 15:08:10,256 - wireshark_monitor - INFO - tshark可用
2025-10-31 15:08:15,457 - wireshark_monitor - INFO - tshark可用
2025-10-31 15:08:20,692 - wireshark_monitor - INFO - tshark可用
2025-10-31 15:08:25,912 - wireshark_monitor - INFO - tshark可用
2025-10-31 15:08:31,222 - wireshark_monitor - INFO - tshark可用
2025-10-31 15:08:36,497 - wireshark_monitor - INFO - tshark可用
2025-10-31 15:08:41,890 - wireshark_monitor - INFO - tshark可用
2025-10-31 15:08:47,072 - wireshark_monitor - INFO - tshark可用
2025-10-31 15:08:52,266 - wireshark_monitor - INFO - tshark可用
2025-10-31 15:08:57,460 - wireshark_monitor - INFO - tshark可用
2025-10-31 15:09:02,725 - wireshark_monitor - INFO - tshark可用
2025-10-31 15:09:07,935 - wireshark_monitor - INFO - tshark可用
2025-10-31 15:09:13,110 - wireshark_monitor - INFO - tshark可用
2025-10-31 15:09:18,308 - wireshark_monitor - INFO - tshark可用
2025-10-31 15:09:23,490 - wireshark_monitor - INFO - tshark可用
2025-10-31 15:09:25,169 - main - WARNING - 检测到流量异常: 1 个
2025-10-31 15:09:28,682 - wireshark_monitor - INFO - tshark可用
2025-10-31 15:09:33,917 - wireshark_monitor - INFO - tshark可用
2025-10-31 15:09:39,094 - wireshark_monitor - INFO - tshark可用
2025-10-31 15:09:44,268 - wireshark_monitor - INFO - tshark可用
2025-10-31 15:09:49,469 - wireshark_monitor - INFO - tshark可用
2025-10-31 15:09:54,646 - wireshark_monitor - INFO - tshark可用
2025-10-31 15:09:59,839 - wireshark_monitor - INFO - tshark可用
2025-10-31 15:10:05,095 - wireshark_monitor - INFO - tshark可用
2025-10-31 15:10:10,290 - wireshark_monitor - INFO - tshark可用
2025-10-31 15:10:15,464 - wireshark_monitor - INFO - tshark可用
2025-10-31 15:10:20,666 - wireshark_monitor - INFO - tshark可用
2025-10-31 15:10:25,874 - wireshark_monitor - INFO - tshark可用
2025-10-31 15:10:31,065 - wireshark_monitor - INFO - tshark可用
2025-10-31 15:10:36,462 - wireshark_monitor - INFO - tshark可用
2025-10-31 15:10:41,766 - wireshark_monitor - INFO - tshark可用
2025-10-31 15:10:47,192 - wireshark_monitor - INFO - tshark可用
2025-10-31 15:10:52,663 - wireshark_monitor - INFO - tshark可用
2025-10-31 15:10:57,977 - wireshark_monitor - INFO - tshark可用
2025-10-31 15:11:03,317 - wireshark_monitor - INFO - tshark可用
2025-10-31 15:11:08,668 - wireshark_monitor - INFO - tshark可用
2025-10-31 15:11:23,301 - main - INFO - 日志文件位置: D:\Code_development\软件工程\backend\logs\security_monitor.log
2025-10-31 15:11:23,303 - main - INFO - 检测到操作系统: Windows
2025-10-31 15:11:23,817 - wireshark_monitor - INFO - tshark可用
2025-10-31 15:11:23,817 - main - INFO - Wireshark可用，将使用真实流量数据
2025-10-31 15:11:24,041 - wireshark_monitor - INFO - tshark可用
2025-10-31 15:11:24,042 - wireshark_monitor - INFO - 开始捕获接口 WLAN 的流量
2025-10-31 15:11:24,042 - main - INFO - 已开始WLAN接口流量捕获
2025-10-31 15:11:24,043 - main - INFO - 使用Windows监控器，禁用模拟数据模式
2025-10-31 15:11:24,060 - main - INFO - 校园网络安全态势可视化平台启动中...
2025-10-31 15:11:24,064 - main - INFO - 数据库初始化成功
2025-10-31 15:11:24,076 - main - INFO - 默认用户创建完成
2025-10-31 15:11:24,076 - data_collector - INFO - 数据采集已启动，采集间隔: 5秒
2025-10-31 15:11:24,078 - main - INFO - 数据采集模块已启动
2025-10-31 15:11:24,078 - main - INFO - 系统已就绪，开始监控网络流量
2025-10-31 15:11:24,413 - wireshark_monitor - INFO - tshark可用
2025-10-31 15:11:29,855 - wireshark_monitor - INFO - tshark可用
2025-10-31 15:11:35,242 - wireshark_monitor - INFO - tshark可用
2025-10-31 15:11:40,535 - wireshark_monitor - INFO - tshark可用
2025-10-31 15:11:45,844 - wireshark_monitor - INFO - tshark可用
2025-10-31 15:11:51,325 - wireshark_monitor - INFO - tshark可用
2025-10-31 15:11:56,769 - wireshark_monitor - INFO - tshark可用
2025-10-31 15:12:02,108 - wireshark_monitor - INFO - tshark可用
2025-10-31 15:12:07,463 - wireshark_monitor - INFO - tshark可用
2025-10-31 15:12:12,866 - wireshark_monitor - INFO - tshark可用
2025-10-31 15:12:18,190 - wireshark_monitor - INFO - tshark可用
2025-10-31 15:12:23,562 - wireshark_monitor - INFO - tshark可用
2025-10-31 15:12:28,907 - wireshark_monitor - INFO - tshark可用
2025-10-31 15:12:34,301 - wireshark_monitor - INFO - tshark可用
2025-10-31 15:12:39,531 - wireshark_monitor - INFO - tshark可用
2025-10-31 15:12:44,910 - wireshark_monitor - INFO - tshark可用
2025-10-31 15:12:50,347 - wireshark_monitor - INFO - tshark可用
2025-10-31 15:13:01,580 - main - INFO - 日志文件位置: D:\Code_development\软件工程\backend\logs\security_monitor.log
2025-10-31 15:13:01,584 - main - INFO - 检测到操作系统: Windows
2025-10-31 15:13:01,899 - wireshark_monitor - INFO - tshark可用
2025-10-31 15:13:01,900 - main - INFO - Wireshark可用，将使用真实流量数据
2025-10-31 15:13:02,302 - wireshark_monitor - INFO - tshark可用
2025-10-31 15:13:02,303 - wireshark_monitor - INFO - 开始捕获接口 WLAN 的流量
2025-10-31 15:13:02,303 - main - INFO - 已开始WLAN接口流量捕获
2025-10-31 15:13:02,304 - main - INFO - 使用Windows监控器，禁用模拟数据模式
2025-10-31 15:13:02,326 - main - INFO - 校园网络安全态势可视化平台启动中...
2025-10-31 15:13:02,329 - main - INFO - 数据库初始化成功
2025-10-31 15:13:02,344 - main - INFO - 默认用户创建完成
2025-10-31 15:13:02,345 - data_collector - INFO - 数据采集已启动，采集间隔: 5秒
2025-10-31 15:13:02,346 - main - INFO - 数据采集模块已启动
2025-10-31 15:13:02,347 - main - INFO - 系统已就绪，开始监控网络流量
2025-10-31 15:13:12,151 - main - INFO - 日志文件位置: D:\Code_development\软件工程\backend\logs\security_monitor.log
2025-10-31 15:13:12,154 - data_collector - INFO - 实时异常检测器已初始化
2025-10-31 15:13:12,155 - main - INFO - 检测到操作系统: Windows
2025-10-31 15:13:12,485 - wireshark_monitor - INFO - tshark可用
2025-10-31 15:13:12,486 - main - INFO - Wireshark可用，将使用真实流量数据
2025-10-31 15:13:12,746 - wireshark_monitor - INFO - tshark可用
2025-10-31 15:13:12,748 - wireshark_monitor - INFO - 开始捕获接口 WLAN 的流量
2025-10-31 15:13:12,748 - main - INFO - 已开始WLAN接口流量捕获
2025-10-31 15:13:12,749 - main - INFO - 使用Windows监控器，禁用模拟数据模式
2025-10-31 15:13:12,769 - main - INFO - 校园网络安全态势可视化平台启动中...
2025-10-31 15:13:12,774 - main - INFO - 数据库初始化成功
2025-10-31 15:13:12,793 - main - INFO - 默认用户创建完成
2025-10-31 15:13:12,794 - data_collector - INFO - 数据采集已启动，采集间隔: 5秒
2025-10-31 15:13:12,795 - main - INFO - 数据采集模块已启动
2025-10-31 15:13:12,795 - main - INFO - 系统已就绪，开始监控网络流量
2025-10-31 15:13:21,571 - main - INFO - 日志文件位置: D:\Code_development\软件工程\backend\logs\security_monitor.log
2025-10-31 15:13:21,575 - data_collector - INFO - 实时异常检测器已初始化
2025-10-31 15:13:21,576 - main - INFO - 检测到操作系统: Windows
2025-10-31 15:13:21,951 - wireshark_monitor - INFO - tshark可用
2025-10-31 15:13:21,951 - main - INFO - Wireshark可用，将使用真实流量数据
2025-10-31 15:13:22,342 - wireshark_monitor - INFO - tshark可用
2025-10-31 15:13:22,343 - wireshark_monitor - INFO - 开始捕获接口 WLAN 的流量
2025-10-31 15:13:22,343 - main - INFO - 已开始WLAN接口流量捕获
2025-10-31 15:13:22,344 - main - INFO - 使用Windows监控器，禁用模拟数据模式
2025-10-31 15:13:22,387 - main - INFO - 校园网络安全态势可视化平台启动中...
2025-10-31 15:13:22,395 - main - INFO - 数据库初始化成功
2025-10-31 15:13:22,416 - main - INFO - 默认用户创建完成
2025-10-31 15:13:22,417 - data_collector - INFO - 数据采集已启动，采集间隔: 5秒
2025-10-31 15:13:22,418 - main - INFO - 数据采集模块已启动
2025-10-31 15:13:22,419 - main - INFO - 系统已就绪，开始监控网络流量
2025-10-31 15:13:32,072 - main - INFO - 日志文件位置: D:\Code_development\软件工程\backend\logs\security_monitor.log
2025-10-31 15:13:32,075 - data_collector - INFO - 实时异常检测器已初始化
2025-10-31 15:13:32,076 - main - INFO - 检测到操作系统: Windows
2025-10-31 15:13:32,480 - wireshark_monitor - INFO - tshark可用
2025-10-31 15:13:32,481 - main - INFO - Wireshark可用，将使用真实流量数据
2025-10-31 15:13:32,972 - wireshark_monitor - INFO - tshark可用
2025-10-31 15:13:32,973 - wireshark_monitor - INFO - 开始捕获接口 WLAN 的流量
2025-10-31 15:13:32,973 - main - INFO - 已开始WLAN接口流量捕获
2025-10-31 15:13:32,973 - main - INFO - 使用Windows监控器，禁用模拟数据模式
2025-10-31 15:13:32,998 - main - INFO - 校园网络安全态势可视化平台启动中...
2025-10-31 15:13:33,003 - main - INFO - 数据库初始化成功
2025-10-31 15:13:33,021 - main - INFO - 默认用户创建完成
2025-10-31 15:13:33,021 - data_collector - INFO - 数据采集已启动，采集间隔: 5秒
2025-10-31 15:13:33,022 - main - INFO - 数据采集模块已启动
2025-10-31 15:13:33,023 - main - INFO - 系统已就绪，开始监控网络流量
2025-10-31 15:13:33,403 - wireshark_monitor - INFO - tshark可用
2025-10-31 15:13:38,796 - wireshark_monitor - INFO - tshark可用
2025-10-31 15:13:44,366 - wireshark_monitor - INFO - tshark可用
2025-10-31 15:13:49,733 - wireshark_monitor - INFO - tshark可用
2025-10-31 15:13:55,199 - wireshark_monitor - INFO - tshark可用
2025-10-31 15:14:00,599 - wireshark_monitor - INFO - tshark可用
2025-10-31 15:14:05,954 - wireshark_monitor - INFO - tshark可用
2025-10-31 15:14:11,323 - wireshark_monitor - INFO - tshark可用
2025-10-31 15:14:16,666 - wireshark_monitor - INFO - tshark可用
2025-10-31 15:14:22,037 - wireshark_monitor - INFO - tshark可用
2025-10-31 15:14:27,464 - wireshark_monitor - INFO - tshark可用
2025-10-31 15:14:32,808 - wireshark_monitor - INFO - tshark可用
2025-10-31 15:14:38,304 - wireshark_monitor - INFO - tshark可用
2025-10-31 15:14:43,688 - wireshark_monitor - INFO - tshark可用
2025-10-31 15:14:48,961 - wireshark_monitor - INFO - tshark可用
2025-10-31 15:14:54,313 - wireshark_monitor - INFO - tshark可用
2025-10-31 15:14:59,606 - wireshark_monitor - INFO - tshark可用
2025-10-31 15:15:05,069 - wireshark_monitor - INFO - tshark可用
2025-10-31 15:15:10,448 - wireshark_monitor - INFO - tshark可用
2025-10-31 15:15:15,753 - wireshark_monitor - INFO - tshark可用
2025-10-31 15:15:27,820 - main - INFO - 日志文件位置: D:\Code_development\软件工程\backend\logs\security_monitor.log
2025-10-31 15:15:27,821 - data_collector - INFO - 实时异常检测器已初始化
2025-10-31 15:15:27,822 - main - INFO - 检测到操作系统: Windows
2025-10-31 15:15:28,267 - wireshark_monitor - INFO - tshark可用
2025-10-31 15:15:28,268 - main - INFO - Wireshark可用，将使用真实流量数据
2025-10-31 15:15:28,576 - wireshark_monitor - INFO - tshark可用
2025-10-31 15:15:28,576 - wireshark_monitor - INFO - 开始捕获接口 WLAN 的流量
2025-10-31 15:15:28,577 - main - INFO - 已开始WLAN接口流量捕获
2025-10-31 15:15:28,577 - main - INFO - 使用Windows监控器，禁用模拟数据模式
2025-10-31 15:15:28,594 - main - INFO - 校园网络安全态势可视化平台启动中...
2025-10-31 15:15:28,596 - main - INFO - 数据库初始化成功
2025-10-31 15:15:28,610 - main - INFO - 默认用户创建完成
2025-10-31 15:15:28,610 - data_collector - INFO - 数据采集已启动，采集间隔: 5秒
2025-10-31 15:15:28,612 - main - INFO - 数据采集模块已启动
2025-10-31 15:15:28,612 - main - INFO - 系统已就绪，开始监控网络流量
2025-10-31 15:15:39,141 - main - INFO - 日志文件位置: D:\Code_development\软件工程\backend\logs\security_monitor.log
2025-10-31 15:15:39,145 - data_collector - INFO - 实时异常检测器已初始化
2025-10-31 15:15:39,146 - main - INFO - 检测到操作系统: Windows
2025-10-31 15:15:39,476 - wireshark_monitor - INFO - tshark可用
2025-10-31 15:15:39,476 - main - INFO - Wireshark可用，将使用真实流量数据
2025-10-31 15:15:39,756 - wireshark_monitor - INFO - tshark可用
2025-10-31 15:15:39,757 - wireshark_monitor - INFO - 开始捕获接口 WLAN 的流量
2025-10-31 15:15:39,758 - main - INFO - 已开始WLAN接口流量捕获
2025-10-31 15:15:39,758 - main - INFO - 使用Windows监控器，禁用模拟数据模式
2025-10-31 15:15:39,773 - main - INFO - 校园网络安全态势可视化平台启动中...
2025-10-31 15:15:39,776 - main - INFO - 数据库初始化成功
2025-10-31 15:15:39,789 - main - INFO - 默认用户创建完成
2025-10-31 15:15:39,790 - data_collector - INFO - 数据采集已启动，采集间隔: 5秒
2025-10-31 15:15:39,791 - main - INFO - 数据采集模块已启动
2025-10-31 15:15:39,791 - main - INFO - 系统已就绪，开始监控网络流量
2025-10-31 15:15:50,379 - main - INFO - 日志文件位置: D:\Code_development\软件工程\backend\logs\security_monitor.log
2025-10-31 15:15:50,382 - data_collector - INFO - 实时异常检测器已初始化
2025-10-31 15:15:50,383 - main - INFO - 检测到操作系统: Windows
2025-10-31 15:15:50,812 - wireshark_monitor - INFO - tshark可用
2025-10-31 15:15:50,812 - main - INFO - Wireshark可用，将使用真实流量数据
2025-10-31 15:15:51,148 - wireshark_monitor - INFO - tshark可用
2025-10-31 15:15:51,150 - wireshark_monitor - INFO - 开始捕获接口 WLAN 的流量
2025-10-31 15:15:51,150 - main - INFO - 已开始WLAN接口流量捕获
2025-10-31 15:15:51,150 - main - INFO - 使用Windows监控器，禁用模拟数据模式
2025-10-31 15:15:51,175 - main - INFO - 校园网络安全态势可视化平台启动中...
2025-10-31 15:15:51,180 - main - INFO - 数据库初始化成功
2025-10-31 15:15:51,193 - main - INFO - 默认用户创建完成
2025-10-31 15:15:51,194 - data_collector - INFO - 数据采集已启动，采集间隔: 5秒
2025-10-31 15:15:51,195 - main - INFO - 数据采集模块已启动
2025-10-31 15:15:51,195 - main - INFO - 系统已就绪，开始监控网络流量
2025-10-31 15:15:51,696 - wireshark_monitor - INFO - tshark可用
2025-10-31 15:15:57,171 - wireshark_monitor - INFO - tshark可用
2025-10-31 15:16:02,505 - wireshark_monitor - INFO - tshark可用
2025-10-31 15:16:07,944 - wireshark_monitor - INFO - tshark可用
2025-10-31 15:16:22,720 - main - INFO - 日志文件位置: D:\Code_development\软件工程\backend\logs\security_monitor.log
2025-10-31 15:16:22,724 - data_collector - INFO - 实时异常检测器已初始化
2025-10-31 15:16:22,725 - main - INFO - 检测到操作系统: Windows
2025-10-31 15:16:23,002 - wireshark_monitor - INFO - tshark可用
2025-10-31 15:16:23,003 - main - INFO - Wireshark可用，将使用真实流量数据
2025-10-31 15:16:23,265 - wireshark_monitor - INFO - tshark可用
2025-10-31 15:16:23,266 - wireshark_monitor - INFO - 开始捕获接口 WLAN 的流量
2025-10-31 15:16:23,266 - main - INFO - 已开始WLAN接口流量捕获
2025-10-31 15:16:23,266 - main - INFO - 使用Windows监控器，禁用模拟数据模式
2025-10-31 15:16:23,283 - main - INFO - 校园网络安全态势可视化平台启动中...
2025-10-31 15:16:23,288 - main - INFO - 数据库初始化成功
2025-10-31 15:16:23,298 - main - INFO - 默认用户创建完成
2025-10-31 15:16:23,299 - data_collector - INFO - 数据采集已启动，采集间隔: 5秒
2025-10-31 15:16:23,301 - main - INFO - 数据采集模块已启动
2025-10-31 15:16:23,302 - main - INFO - 系统已就绪，开始监控网络流量
2025-10-31 15:16:23,520 - wireshark_monitor - INFO - tshark可用
2025-10-31 15:16:34,312 - main - INFO - 日志文件位置: D:\Code_development\软件工程\backend\logs\security_monitor.log
2025-10-31 15:16:34,314 - data_collector - INFO - 实时异常检测器已初始化
2025-10-31 15:16:34,314 - main - INFO - 检测到操作系统: Windows
2025-10-31 15:16:34,563 - wireshark_monitor - INFO - tshark可用
2025-10-31 15:16:34,563 - main - INFO - Wireshark可用，将使用真实流量数据
2025-10-31 15:16:34,786 - wireshark_monitor - INFO - tshark可用
2025-10-31 15:16:34,787 - wireshark_monitor - INFO - 开始捕获接口 WLAN 的流量
2025-10-31 15:16:34,787 - main - INFO - 已开始WLAN接口流量捕获
2025-10-31 15:16:34,787 - main - INFO - 使用Windows监控器，禁用模拟数据模式
2025-10-31 15:16:34,799 - main - INFO - 校园网络安全态势可视化平台启动中...
2025-10-31 15:16:34,802 - main - INFO - 数据库初始化成功
2025-10-31 15:16:34,814 - main - INFO - 默认用户创建完成
2025-10-31 15:16:34,815 - data_collector - INFO - 数据采集已启动，采集间隔: 5秒
2025-10-31 15:16:34,816 - main - INFO - 数据采集模块已启动
2025-10-31 15:16:34,817 - main - INFO - 系统已就绪，开始监控网络流量
2025-10-31 15:16:35,035 - wireshark_monitor - INFO - tshark可用
2025-10-31 15:16:40,221 - wireshark_monitor - INFO - tshark可用
2025-10-31 15:16:45,517 - wireshark_monitor - INFO - tshark可用
2025-10-31 15:16:50,843 - wireshark_monitor - INFO - tshark可用
2025-10-31 15:16:56,310 - wireshark_monitor - INFO - tshark可用
2025-10-31 15:17:01,627 - wireshark_monitor - INFO - tshark可用
2025-10-31 15:17:07,131 - wireshark_monitor - INFO - tshark可用
2025-10-31 15:17:12,492 - wireshark_monitor - INFO - tshark可用
2025-10-31 15:17:17,784 - wireshark_monitor - INFO - tshark可用
2025-10-31 15:17:23,098 - wireshark_monitor - INFO - tshark可用
2025-10-31 15:17:32,861 - main - INFO - 日志文件位置: D:\Code_development\软件工程\backend\logs\security_monitor.log
2025-10-31 15:17:32,863 - data_collector - INFO - 实时异常检测器已初始化
2025-10-31 15:17:32,863 - main - INFO - 检测到操作系统: Windows
2025-10-31 15:17:33,110 - wireshark_monitor - INFO - tshark可用
2025-10-31 15:17:33,111 - main - INFO - Wireshark可用，将使用真实流量数据
2025-10-31 15:17:33,365 - wireshark_monitor - INFO - tshark可用
2025-10-31 15:17:33,366 - wireshark_monitor - INFO - 开始捕获接口 WLAN 的流量
2025-10-31 15:17:33,366 - main - INFO - 已开始WLAN接口流量捕获
2025-10-31 15:17:33,366 - main - INFO - 使用Windows监控器，禁用模拟数据模式
2025-10-31 15:17:33,380 - main - INFO - 校园网络安全态势可视化平台启动中...
2025-10-31 15:17:33,383 - main - INFO - 数据库初始化成功
2025-10-31 15:17:33,399 - main - INFO - 默认用户创建完成
2025-10-31 15:17:33,400 - data_collector - INFO - 数据采集已启动，采集间隔: 5秒
2025-10-31 15:17:33,401 - main - INFO - 数据采集模块已启动
2025-10-31 15:17:33,401 - main - INFO - 系统已就绪，开始监控网络流量
2025-10-31 15:17:33,653 - wireshark_monitor - INFO - tshark可用
2025-10-31 15:17:38,957 - wireshark_monitor - INFO - tshark可用
2025-10-31 15:17:44,262 - wireshark_monitor - INFO - tshark可用
2025-10-31 15:17:49,507 - wireshark_monitor - INFO - tshark可用
2025-10-31 15:17:54,901 - wireshark_monitor - INFO - tshark可用
2025-10-31 15:18:00,239 - wireshark_monitor - INFO - tshark可用
2025-10-31 15:18:05,619 - wireshark_monitor - INFO - tshark可用
2025-10-31 15:18:10,855 - wireshark_monitor - INFO - tshark可用
2025-10-31 15:18:16,083 - wireshark_monitor - INFO - tshark可用
2025-10-31 15:18:21,337 - wireshark_monitor - INFO - tshark可用
2025-10-31 15:18:26,578 - wireshark_monitor - INFO - tshark可用
2025-10-31 15:18:31,883 - wireshark_monitor - INFO - tshark可用
2025-10-31 15:18:37,077 - wireshark_monitor - INFO - tshark可用
2025-10-31 15:18:42,253 - wireshark_monitor - INFO - tshark可用
2025-10-31 15:18:47,538 - wireshark_monitor - INFO - tshark可用
2025-10-31 15:18:52,728 - wireshark_monitor - INFO - tshark可用
2025-10-31 15:18:57,895 - wireshark_monitor - INFO - tshark可用
2025-10-31 15:19:03,068 - wireshark_monitor - INFO - tshark可用
2025-10-31 15:19:08,279 - wireshark_monitor - INFO - tshark可用
2025-10-31 15:19:13,462 - wireshark_monitor - INFO - tshark可用
2025-10-31 15:19:18,661 - wireshark_monitor - INFO - tshark可用
2025-10-31 15:19:23,945 - wireshark_monitor - INFO - tshark可用
2025-10-31 15:19:29,141 - wireshark_monitor - INFO - tshark可用
2025-10-31 15:19:34,334 - wireshark_monitor - INFO - tshark可用
2025-10-31 15:19:39,522 - wireshark_monitor - INFO - tshark可用
2025-10-31 15:19:44,808 - wireshark_monitor - INFO - tshark可用
2025-10-31 15:19:50,016 - wireshark_monitor - INFO - tshark可用
2025-10-31 15:19:55,260 - wireshark_monitor - INFO - tshark可用
2025-10-31 15:20:00,466 - wireshark_monitor - INFO - tshark可用
2025-10-31 15:20:05,812 - wireshark_monitor - INFO - tshark可用
2025-10-31 15:20:11,093 - wireshark_monitor - INFO - tshark可用
2025-10-31 15:20:16,351 - wireshark_monitor - INFO - tshark可用
2025-10-31 15:20:21,583 - wireshark_monitor - INFO - tshark可用
2025-10-31 15:20:26,923 - wireshark_monitor - INFO - tshark可用
2025-10-31 15:20:32,199 - wireshark_monitor - INFO - tshark可用
2025-10-31 15:20:37,600 - wireshark_monitor - INFO - tshark可用
2025-10-31 15:20:43,013 - wireshark_monitor - INFO - tshark可用
2025-10-31 15:20:48,401 - wireshark_monitor - INFO - tshark可用
2025-10-31 15:20:53,873 - wireshark_monitor - INFO - tshark可用
2025-10-31 15:20:59,085 - wireshark_monitor - INFO - tshark可用
2025-10-31 15:21:04,284 - wireshark_monitor - INFO - tshark可用
2025-10-31 15:21:09,681 - wireshark_monitor - INFO - tshark可用
2025-10-31 15:21:14,870 - wireshark_monitor - INFO - tshark可用
2025-10-31 15:21:20,053 - wireshark_monitor - INFO - tshark可用
2025-10-31 15:21:25,368 - wireshark_monitor - INFO - tshark可用
2025-10-31 15:21:30,582 - wireshark_monitor - INFO - tshark可用
2025-10-31 15:21:35,868 - wireshark_monitor - INFO - tshark可用
2025-10-31 15:21:41,068 - wireshark_monitor - INFO - tshark可用
2025-10-31 15:21:46,253 - wireshark_monitor - INFO - tshark可用
2025-10-31 15:21:51,604 - wireshark_monitor - INFO - tshark可用
2025-10-31 15:21:56,867 - wireshark_monitor - INFO - tshark可用
2025-10-31 15:22:02,068 - wireshark_monitor - INFO - tshark可用
2025-10-31 15:22:07,279 - wireshark_monitor - INFO - tshark可用
2025-10-31 15:22:12,563 - wireshark_monitor - INFO - tshark可用
2025-10-31 15:22:17,739 - wireshark_monitor - INFO - tshark可用
2025-10-31 15:22:22,945 - wireshark_monitor - INFO - tshark可用
2025-10-31 15:22:28,142 - wireshark_monitor - INFO - tshark可用
2025-10-31 15:22:33,390 - wireshark_monitor - INFO - tshark可用
2025-10-31 15:22:38,631 - wireshark_monitor - INFO - tshark可用
2025-10-31 15:22:43,939 - wireshark_monitor - INFO - tshark可用
2025-10-31 15:22:49,139 - wireshark_monitor - INFO - tshark可用
2025-10-31 15:22:54,373 - wireshark_monitor - INFO - tshark可用
2025-10-31 15:22:59,605 - wireshark_monitor - INFO - tshark可用
2025-10-31 15:23:04,795 - wireshark_monitor - INFO - tshark可用
2025-10-31 15:23:09,977 - wireshark_monitor - INFO - tshark可用
2025-10-31 15:23:15,220 - wireshark_monitor - INFO - tshark可用
2025-10-31 15:23:20,600 - wireshark_monitor - INFO - tshark可用
2025-10-31 15:23:25,831 - wireshark_monitor - INFO - tshark可用
2025-10-31 15:23:31,021 - wireshark_monitor - INFO - tshark可用
2025-10-31 15:23:36,267 - wireshark_monitor - INFO - tshark可用
2025-10-31 15:23:41,496 - wireshark_monitor - INFO - tshark可用
2025-10-31 15:23:46,822 - wireshark_monitor - INFO - tshark可用
2025-10-31 15:23:52,103 - wireshark_monitor - INFO - tshark可用
2025-10-31 15:23:57,351 - wireshark_monitor - INFO - tshark可用
2025-10-31 15:24:02,587 - wireshark_monitor - INFO - tshark可用
2025-10-31 15:24:07,862 - wireshark_monitor - INFO - tshark可用
2025-10-31 15:24:13,141 - wireshark_monitor - INFO - tshark可用
2025-10-31 15:24:18,447 - wireshark_monitor - INFO - tshark可用
2025-10-31 15:24:23,683 - wireshark_monitor - INFO - tshark可用
2025-10-31 15:24:28,901 - wireshark_monitor - INFO - tshark可用
2025-10-31 15:24:34,156 - wireshark_monitor - INFO - tshark可用
2025-10-31 15:24:39,463 - wireshark_monitor - INFO - tshark可用
2025-10-31 15:24:44,787 - wireshark_monitor - INFO - tshark可用
2025-10-31 15:24:49,968 - wireshark_monitor - INFO - tshark可用
2025-10-31 15:24:55,313 - wireshark_monitor - INFO - tshark可用
2025-10-31 15:25:00,553 - wireshark_monitor - INFO - tshark可用
2025-10-31 15:25:05,842 - wireshark_monitor - INFO - tshark可用
2025-10-31 15:25:11,020 - wireshark_monitor - INFO - tshark可用
2025-10-31 15:25:16,416 - wireshark_monitor - INFO - tshark可用
2025-10-31 15:25:21,597 - wireshark_monitor - INFO - tshark可用
2025-10-31 15:25:26,775 - wireshark_monitor - INFO - tshark可用
2025-10-31 15:25:31,951 - wireshark_monitor - INFO - tshark可用
2025-10-31 15:25:37,127 - wireshark_monitor - INFO - tshark可用
2025-10-31 15:25:42,413 - wireshark_monitor - INFO - tshark可用
2025-10-31 15:25:47,698 - wireshark_monitor - INFO - tshark可用
2025-10-31 15:25:52,903 - wireshark_monitor - INFO - tshark可用
2025-10-31 15:30:08,054 - main - INFO - 日志文件位置: D:\Code_development\软件工程\backend\logs\security_monitor.log
2025-10-31 15:30:08,056 - data_collector - INFO - 实时异常检测器已初始化
2025-10-31 15:30:08,056 - main - INFO - 检测到操作系统: Windows
2025-10-31 15:30:08,231 - wireshark_monitor - INFO - tshark可用
2025-10-31 15:30:08,232 - main - INFO - Wireshark可用，将使用真实流量数据
2025-10-31 15:30:08,398 - wireshark_monitor - INFO - tshark可用
2025-10-31 15:30:08,399 - wireshark_monitor - INFO - 开始捕获接口 WLAN 的流量
2025-10-31 15:30:08,399 - main - INFO - 已开始WLAN接口流量捕获
2025-10-31 15:30:08,399 - main - INFO - 使用Windows监控器，禁用模拟数据模式
2025-10-31 15:30:08,409 - main - INFO - 校园网络安全态势可视化平台启动中...
2025-10-31 15:30:08,422 - main - INFO - 数据库初始化成功
2025-10-31 15:30:08,432 - main - INFO - 默认用户创建完成
2025-10-31 15:30:08,432 - data_collector - INFO - 数据采集已启动，采集间隔: 5秒
2025-10-31 15:30:08,433 - main - INFO - 数据采集模块已启动
2025-10-31 15:30:08,433 - main - INFO - 系统已就绪，开始监控网络流量
2025-10-31 15:30:08,610 - wireshark_monitor - INFO - tshark可用
2025-10-31 15:30:13,934 - wireshark_monitor - INFO - tshark可用
2025-10-31 15:30:19,168 - wireshark_monitor - INFO - tshark可用
2025-10-31 15:30:24,427 - wireshark_monitor - INFO - tshark可用
2025-10-31 15:30:29,844 - wireshark_monitor - INFO - tshark可用
2025-10-31 15:30:35,029 - wireshark_monitor - INFO - tshark可用
2025-10-31 15:30:40,235 - wireshark_monitor - INFO - tshark可用
2025-10-31 15:30:45,481 - wireshark_monitor - INFO - tshark可用
2025-10-31 15:30:50,725 - wireshark_monitor - INFO - tshark可用
2025-10-31 15:30:55,915 - wireshark_monitor - INFO - tshark可用
2025-10-31 15:31:01,088 - wireshark_monitor - INFO - tshark可用
2025-10-31 15:31:06,263 - wireshark_monitor - INFO - tshark可用
2025-10-31 15:31:11,433 - wireshark_monitor - INFO - tshark可用
2025-10-31 15:31:16,614 - wireshark_monitor - INFO - tshark可用
2025-10-31 15:31:21,807 - wireshark_monitor - INFO - tshark可用
2025-10-31 15:31:26,997 - wireshark_monitor - INFO - tshark可用
2025-10-31 15:31:32,286 - wireshark_monitor - INFO - tshark可用
2025-10-31 15:31:37,477 - wireshark_monitor - INFO - tshark可用
2025-10-31 15:31:42,652 - wireshark_monitor - INFO - tshark可用
2025-10-31 15:31:47,830 - wireshark_monitor - INFO - tshark可用
2025-10-31 15:31:53,054 - wireshark_monitor - INFO - tshark可用
2025-10-31 15:32:01,945 - main - INFO - 日志文件位置: D:\Code_development\软件工程\backend\logs\security_monitor.log
2025-10-31 15:32:01,949 - data_collector - INFO - 实时异常检测器已初始化
2025-10-31 15:32:01,949 - main - INFO - 检测到操作系统: Windows
2025-10-31 15:32:02,162 - wireshark_monitor - INFO - tshark可用
2025-10-31 15:32:02,162 - main - INFO - Wireshark可用，将使用真实流量数据
2025-10-31 15:32:02,355 - wireshark_monitor - INFO - tshark可用
2025-10-31 15:32:02,356 - wireshark_monitor - INFO - 开始捕获接口 WLAN 的流量
2025-10-31 15:32:02,356 - main - INFO - 已开始WLAN接口流量捕获
2025-10-31 15:32:02,356 - main - INFO - 使用Windows监控器，禁用模拟数据模式
2025-10-31 15:32:02,373 - main - INFO - 校园网络安全态势可视化平台启动中...
2025-10-31 15:32:02,380 - main - INFO - 数据库初始化成功
2025-10-31 15:32:02,394 - main - INFO - 默认用户创建完成
2025-10-31 15:32:02,394 - data_collector - INFO - 数据采集已启动，采集间隔: 5秒
2025-10-31 15:32:02,395 - main - INFO - 数据采集模块已启动
2025-10-31 15:32:02,396 - main - INFO - 系统已就绪，开始监控网络流量
2025-10-31 15:32:02,661 - wireshark_monitor - INFO - tshark可用
2025-10-31 15:32:07,866 - wireshark_monitor - INFO - tshark可用
2025-10-31 15:32:13,055 - wireshark_monitor - INFO - tshark可用
2025-10-31 15:32:18,244 - wireshark_monitor - INFO - tshark可用
2025-10-31 15:32:23,464 - wireshark_monitor - INFO - tshark可用
2025-10-31 15:32:28,643 - wireshark_monitor - INFO - tshark可用
2025-10-31 15:32:33,827 - wireshark_monitor - INFO - tshark可用
2025-10-31 15:32:38,995 - wireshark_monitor - INFO - tshark可用
2025-10-31 15:32:44,198 - wireshark_monitor - INFO - tshark可用
2025-10-31 15:32:49,436 - wireshark_monitor - INFO - tshark可用
2025-10-31 15:32:54,672 - wireshark_monitor - INFO - tshark可用
2025-10-31 15:32:59,924 - wireshark_monitor - INFO - tshark可用
2025-10-31 15:33:05,124 - wireshark_monitor - INFO - tshark可用
2025-10-31 15:33:10,431 - wireshark_monitor - INFO - tshark可用
2025-10-31 15:33:15,682 - wireshark_monitor - INFO - tshark可用
2025-10-31 15:33:20,839 - wireshark_monitor - INFO - tshark可用
2025-10-31 15:33:22,999 - main - WARNING - 检测到流量异常: 1 个
2025-10-31 15:33:26,014 - wireshark_monitor - INFO - tshark可用
2025-10-31 15:33:31,202 - wireshark_monitor - INFO - tshark可用
2025-10-31 15:33:36,389 - wireshark_monitor - INFO - tshark可用
2025-10-31 15:33:41,587 - wireshark_monitor - INFO - tshark可用
2025-10-31 15:33:44,004 - main - WARNING - 检测到流量异常: 1 个
2025-10-31 15:33:46,776 - wireshark_monitor - INFO - tshark可用
2025-10-31 15:33:51,968 - wireshark_monitor - INFO - tshark可用
2025-10-31 15:33:57,161 - wireshark_monitor - INFO - tshark可用
2025-10-31 15:34:02,453 - wireshark_monitor - INFO - tshark可用
2025-10-31 15:34:07,667 - wireshark_monitor - INFO - tshark可用
2025-10-31 15:34:12,881 - wireshark_monitor - INFO - tshark可用
2025-10-31 15:34:18,090 - wireshark_monitor - INFO - tshark可用
2025-10-31 15:34:23,299 - wireshark_monitor - INFO - tshark可用
2025-10-31 15:34:28,535 - wireshark_monitor - INFO - tshark可用
2025-10-31 15:34:37,243 - main - INFO - 日志文件位置: D:\Code_development\软件工程\backend\logs\security_monitor.log
2025-10-31 15:34:37,244 - data_collector - INFO - 实时异常检测器已初始化
2025-10-31 15:34:37,245 - main - INFO - 检测到操作系统: Windows
2025-10-31 15:34:37,436 - wireshark_monitor - INFO - tshark可用
2025-10-31 15:34:37,437 - main - INFO - Wireshark可用，将使用真实流量数据
2025-10-31 15:34:37,631 - wireshark_monitor - INFO - tshark可用
2025-10-31 15:34:37,634 - wireshark_monitor - INFO - 开始捕获接口 WLAN 的流量
2025-10-31 15:34:37,634 - main - INFO - 已开始WLAN接口流量捕获
2025-10-31 15:34:37,634 - main - INFO - 使用Windows监控器，禁用模拟数据模式
2025-10-31 15:34:37,649 - main - INFO - 校园网络安全态势可视化平台启动中...
2025-10-31 15:34:37,652 - main - INFO - 数据库初始化成功
2025-10-31 15:34:37,666 - main - INFO - 默认用户创建完成
2025-10-31 15:34:37,666 - data_collector - INFO - 数据采集已启动，采集间隔: 5秒
2025-10-31 15:34:37,667 - main - INFO - 数据采集模块已启动
2025-10-31 15:34:37,667 - main - INFO - 系统已就绪，开始监控网络流量
2025-10-31 15:34:37,857 - wireshark_monitor - INFO - tshark可用
2025-10-31 15:34:43,099 - wireshark_monitor - INFO - tshark可用
2025-10-31 15:34:48,284 - wireshark_monitor - INFO - tshark可用
2025-10-31 15:34:53,477 - wireshark_monitor - INFO - tshark可用
2025-10-31 15:34:58,654 - wireshark_monitor - INFO - tshark可用
2025-10-31 15:35:03,840 - wireshark_monitor - INFO - tshark可用
2025-10-31 15:35:09,042 - wireshark_monitor - INFO - tshark可用
2025-10-31 15:35:20,940 - main - INFO - 日志文件位置: D:\Code_development\软件工程\backend\logs\security_monitor.log
2025-10-31 15:35:20,941 - data_collector - INFO - 实时异常检测器已初始化
2025-10-31 15:35:20,942 - main - INFO - 检测到操作系统: Windows
2025-10-31 15:35:21,107 - wireshark_monitor - INFO - tshark可用
2025-10-31 15:35:21,107 - main - INFO - Wireshark可用，将使用真实流量数据
2025-10-31 15:35:21,280 - wireshark_monitor - INFO - tshark可用
2025-10-31 15:35:21,281 - wireshark_monitor - INFO - 开始捕获接口 WLAN 的流量
2025-10-31 15:35:21,282 - main - INFO - 已开始WLAN接口流量捕获
2025-10-31 15:35:21,282 - main - INFO - 使用Windows监控器，禁用模拟数据模式
2025-10-31 15:35:21,296 - main - INFO - 校园网络安全态势可视化平台启动中...
2025-10-31 15:35:21,299 - main - INFO - 数据库初始化成功
2025-10-31 15:35:21,314 - main - INFO - 默认用户创建完成
2025-10-31 15:35:21,314 - data_collector - INFO - 数据采集已启动，采集间隔: 5秒
2025-10-31 15:35:21,315 - main - INFO - 数据采集模块已启动
2025-10-31 15:35:21,315 - main - INFO - 系统已就绪，开始监控网络流量
2025-10-31 15:35:21,521 - wireshark_monitor - INFO - tshark可用
2025-10-31 15:35:26,835 - wireshark_monitor - INFO - tshark可用
2025-10-31 15:35:32,028 - wireshark_monitor - INFO - tshark可用
2025-10-31 15:35:37,212 - wireshark_monitor - INFO - tshark可用
2025-10-31 15:35:42,408 - wireshark_monitor - INFO - tshark可用
2025-10-31 15:35:47,604 - wireshark_monitor - INFO - tshark可用
2025-10-31 15:35:52,830 - wireshark_monitor - INFO - tshark可用
2025-10-31 15:35:58,021 - wireshark_monitor - INFO - tshark可用
2025-10-31 15:36:03,260 - wireshark_monitor - INFO - tshark可用
2025-10-31 15:36:08,432 - wireshark_monitor - INFO - tshark可用
2025-10-31 15:36:13,695 - wireshark_monitor - INFO - tshark可用
2025-10-31 15:36:19,014 - wireshark_monitor - INFO - tshark可用
2025-10-31 15:36:24,267 - wireshark_monitor - INFO - tshark可用
2025-10-31 15:36:29,520 - wireshark_monitor - INFO - tshark可用
2025-10-31 15:36:34,750 - wireshark_monitor - INFO - tshark可用
2025-10-31 15:36:39,976 - wireshark_monitor - INFO - tshark可用
2025-10-31 15:36:45,254 - wireshark_monitor - INFO - tshark可用
2025-10-31 15:36:50,441 - wireshark_monitor - INFO - tshark可用
2025-10-31 15:36:55,647 - wireshark_monitor - INFO - tshark可用
2025-10-31 15:37:00,919 - wireshark_monitor - INFO - tshark可用
2025-10-31 15:37:06,099 - wireshark_monitor - INFO - tshark可用
2025-10-31 15:37:11,414 - wireshark_monitor - INFO - tshark可用
